2016-07-27 10:14:37,276 [Worker-11] INFO  o.e.m.c.i.e.AbstractTransferListenerAdapter - Downloading https://repo.spring.io/libs-release/org/apache/maven/plugins/maven-clean-plugin/2.5/maven-clean-plugin-2.5.jar
2016-07-27 10:14:37,578 [Worker-11] INFO  o.e.m.c.i.e.AbstractTransferListenerAdapter - Downloaded https://repo.spring.io/libs-release/org/apache/maven/plugins/maven-clean-plugin/2.5/maven-clean-plugin-2.5.jar
2016-07-27 10:14:38,016 [Worker-11] INFO  o.e.m.c.i.e.AbstractTransferListenerAdapter - Downloading https://repo.spring.io/libs-release/org/apache/maven/plugins/maven-surefire-plugin/2.18.1/maven-surefire-plugin-2.18.1.jar
2016-07-27 10:14:38,332 [Worker-11] INFO  o.e.m.c.i.e.AbstractTransferListenerAdapter - Downloaded https://repo.spring.io/libs-release/org/apache/maven/plugins/maven-surefire-plugin/2.18.1/maven-surefire-plugin-2.18.1.jar
2016-07-27 10:14:38,500 [Worker-11] INFO  o.e.m.c.i.e.AbstractTransferListenerAdapter - Downloading https://repo.spring.io/libs-release/org/apache/maven/plugins/maven-war-plugin/2.5/maven-war-plugin-2.5.jar
2016-07-27 10:14:38,889 [Worker-11] INFO  o.e.m.c.i.e.AbstractTransferListenerAdapter - Downloaded https://repo.spring.io/libs-release/org/apache/maven/plugins/maven-war-plugin/2.5/maven-war-plugin-2.5.jar
2016-07-27 10:14:39,069 [Worker-11] INFO  o.e.m.c.i.e.AbstractTransferListenerAdapter - Downloading https://repo.spring.io/libs-release/org/apache/maven/plugins/maven-install-plugin/2.5.2/maven-install-plugin-2.5.2.jar
2016-07-27 10:14:39,224 [Worker-11] INFO  o.e.m.c.i.e.AbstractTransferListenerAdapter - Downloaded https://repo.spring.io/libs-release/org/apache/maven/plugins/maven-install-plugin/2.5.2/maven-install-plugin-2.5.2.jar
2016-07-27 10:14:39,416 [Worker-11] INFO  o.e.m.c.i.e.AbstractTransferListenerAdapter - Downloading https://repo.spring.io/libs-release/org/apache/maven/plugins/maven-deploy-plugin/2.8.2/maven-deploy-plugin-2.8.2.jar
2016-07-27 10:14:39,617 [Worker-11] INFO  o.e.m.c.i.e.AbstractTransferListenerAdapter - Downloaded https://repo.spring.io/libs-release/org/apache/maven/plugins/maven-deploy-plugin/2.8.2/maven-deploy-plugin-2.8.2.jar
2016-07-27 10:14:39,783 [Worker-11] INFO  o.e.m.c.i.e.AbstractTransferListenerAdapter - Downloading https://repo.spring.io/libs-release/org/apache/maven/plugins/maven-site-plugin/3.4/maven-site-plugin-3.4.jar
2016-07-27 10:14:40,186 [Worker-11] INFO  o.e.m.c.i.e.AbstractTransferListenerAdapter - Downloaded https://repo.spring.io/libs-release/org/apache/maven/plugins/maven-site-plugin/3.4/maven-site-plugin-3.4.jar
2016-07-27 10:14:40,961 [Worker-11] INFO  o.e.m.c.i.l.LifecycleMappingFactory - Using org.eclipse.m2e.jdt.JarLifecycleMapping lifecycle mapping for MavenProject: org.springframework:Csi420-01-vm1.ucd.ie:0.1.0 @ /Users/cokelly/Google_Drive/1._UCD_conversion_masters/1.Research_Project/whothere/server/Csi42001Vm1ServerFiles/pom.xml.
2016-07-27 10:14:42,264 [Worker-11] INFO  o.e.m.j.i.AbstractJavaProjectConfigurator - Adding source folder /Csi420-01-vm1.ucd.ie/src/main/java
2016-07-27 10:14:42,265 [Worker-11] INFO  o.e.m.j.i.AbstractJavaProjectConfigurator - Adding resource folder /Csi420-01-vm1.ucd.ie/src/main/resources
2016-07-27 10:14:42,304 [Worker-11] INFO  o.e.m.j.i.AbstractJavaProjectConfigurator - Adding resource folder /Csi420-01-vm1.ucd.ie/src/main/resources
2016-07-27 10:14:42,672 [Worker-11] INFO  o.e.m.j.i.AbstractJavaProjectConfigurator - Adding source folder /Csi420-01-vm1.ucd.ie/src/test/java
2016-07-27 10:14:42,916 [Worker-11] INFO  o.e.m.c.i.p.ProjectConfigurationManager - Imported and configured 1 project(s) in 13 sec
2016-07-27 10:14:50,743 [Worker-13] INFO  o.e.m.c.i.embedder.EclipseLogger - Using 'UTF-8' encoding to copy filtered resources.
2016-07-27 10:14:50,871 [Worker-13] INFO  o.e.m.c.i.embedder.EclipseLogger - Copying 0 resource
2016-07-27 10:14:52,975 [Worker-13] INFO  o.e.m.c.i.embedder.EclipseLogger - Copying 1090 resources
2016-07-27 10:14:55,636 [Worker-13] INFO  o.e.m.c.i.embedder.EclipseLogger - Using 'UTF-8' encoding to copy filtered resources.
2016-07-27 10:14:55,637 [Worker-13] INFO  o.e.m.c.i.embedder.EclipseLogger - skip non existing resourceDirectory /Users/cokelly/Google_Drive/1._UCD_conversion_masters/1.Research_Project/whothere/server/Csi42001Vm1ServerFiles/src/test/resources
2016-07-27 10:59:03,289 [Worker-23] INFO  o.e.m.c.i.embedder.EclipseLogger - Using 'UTF-8' encoding to copy filtered resources.
2016-07-27 10:59:03,352 [Worker-23] INFO  o.e.m.c.i.embedder.EclipseLogger - Copying 0 resource
2016-07-27 10:59:03,400 [Worker-23] INFO  o.e.m.c.i.embedder.EclipseLogger - Copying 1090 resources
2016-07-27 10:59:03,474 [Worker-23] INFO  o.e.m.c.i.embedder.EclipseLogger - Using 'UTF-8' encoding to copy filtered resources.
2016-07-27 10:59:03,475 [Worker-23] INFO  o.e.m.c.i.embedder.EclipseLogger - skip non existing resourceDirectory /Users/cokelly/Google_Drive/1._UCD_conversion_masters/1.Research_Project/whothere/server/Csi42001Vm1ServerFiles/src/test/resources
2016-07-27 11:02:13,423 [Worker-28] INFO  o.e.m.c.i.embedder.EclipseLogger - Using 'UTF-8' encoding to copy filtered resources.
2016-07-27 11:02:13,733 [Worker-28] INFO  o.e.m.c.i.embedder.EclipseLogger - Copying 0 resource
2016-07-27 11:02:14,070 [Worker-28] INFO  o.e.m.c.i.embedder.EclipseLogger - Copying 1090 resources
2016-07-27 11:02:14,263 [Worker-28] INFO  o.e.m.c.i.embedder.EclipseLogger - Using 'UTF-8' encoding to copy filtered resources.
2016-07-27 11:02:14,263 [Worker-28] INFO  o.e.m.c.i.embedder.EclipseLogger - skip non existing resourceDirectory /Users/cokelly/Google_Drive/1._UCD_conversion_masters/1.Research_Project/whothere/server/Csi42001Vm1ServerFiles/src/test/resources
2016-07-27 11:06:35,612 [Worker-30] INFO  o.e.m.c.i.embedder.EclipseLogger - Using 'UTF-8' encoding to copy filtered resources.
2016-07-27 11:06:35,701 [Worker-30] INFO  o.e.m.c.i.embedder.EclipseLogger - Copying 0 resource
2016-07-27 11:06:35,786 [Worker-30] INFO  o.e.m.c.i.embedder.EclipseLogger - Copying 1090 resources
2016-07-27 11:06:35,878 [Worker-30] INFO  o.e.m.c.i.embedder.EclipseLogger - Using 'UTF-8' encoding to copy filtered resources.
2016-07-27 11:06:35,879 [Worker-30] INFO  o.e.m.c.i.embedder.EclipseLogger - skip non existing resourceDirectory /Users/cokelly/Google_Drive/1._UCD_conversion_masters/1.Research_Project/whothere/server/Csi42001Vm1ServerFiles/src/test/resources
2016-07-27 11:08:20,042 [Worker-28] INFO  o.e.m.c.i.embedder.EclipseLogger - Using 'UTF-8' encoding to copy filtered resources.
2016-07-27 11:08:20,096 [Worker-28] INFO  o.e.m.c.i.embedder.EclipseLogger - Copying 0 resource
2016-07-27 11:08:20,145 [Worker-28] INFO  o.e.m.c.i.embedder.EclipseLogger - Copying 1090 resources
2016-07-27 11:08:20,229 [Worker-28] INFO  o.e.m.c.i.embedder.EclipseLogger - Using 'UTF-8' encoding to copy filtered resources.
2016-07-27 11:08:20,230 [Worker-28] INFO  o.e.m.c.i.embedder.EclipseLogger - skip non existing resourceDirectory /Users/cokelly/Google_Drive/1._UCD_conversion_masters/1.Research_Project/whothere/server/Csi42001Vm1ServerFiles/src/test/resources
2016-07-27 11:08:23,096 [Worker-34] INFO  o.e.m.c.i.embedder.EclipseLogger - Using 'UTF-8' encoding to copy filtered resources.
2016-07-27 11:08:23,198 [Worker-34] INFO  o.e.m.c.i.embedder.EclipseLogger - Copying 0 resource
2016-07-27 11:08:23,343 [Worker-34] INFO  o.e.m.c.i.embedder.EclipseLogger - Copying 1090 resources
2016-07-27 11:08:23,560 [Worker-34] INFO  o.e.m.c.i.embedder.EclipseLogger - Using 'UTF-8' encoding to copy filtered resources.
2016-07-27 11:08:23,560 [Worker-34] INFO  o.e.m.c.i.embedder.EclipseLogger - skip non existing resourceDirectory /Users/cokelly/Google_Drive/1._UCD_conversion_masters/1.Research_Project/whothere/server/Csi42001Vm1ServerFiles/src/test/resources
2016-07-27 11:08:34,439 [Worker-28] INFO  o.e.m.c.i.embedder.EclipseLogger - Using 'UTF-8' encoding to copy filtered resources.
2016-07-27 11:08:34,483 [Worker-28] INFO  o.e.m.c.i.embedder.EclipseLogger - Copying 0 resource
2016-07-27 11:08:34,558 [Worker-28] INFO  o.e.m.c.i.embedder.EclipseLogger - Copying 1090 resources
2016-07-27 11:08:34,667 [Worker-28] INFO  o.e.m.c.i.embedder.EclipseLogger - Using 'UTF-8' encoding to copy filtered resources.
2016-07-27 11:08:34,668 [Worker-28] INFO  o.e.m.c.i.embedder.EclipseLogger - skip non existing resourceDirectory /Users/cokelly/Google_Drive/1._UCD_conversion_masters/1.Research_Project/whothere/server/Csi42001Vm1ServerFiles/src/test/resources
2016-07-27 11:09:51,855 [Worker-36] INFO  o.e.m.c.i.embedder.EclipseLogger - Using 'UTF-8' encoding to copy filtered resources.
2016-07-27 11:09:51,942 [Worker-36] INFO  o.e.m.c.i.embedder.EclipseLogger - Copying 0 resource
2016-07-27 11:09:51,996 [Worker-36] INFO  o.e.m.c.i.embedder.EclipseLogger - Copying 1090 resources
2016-07-27 11:09:52,102 [Worker-36] INFO  o.e.m.c.i.embedder.EclipseLogger - Using 'UTF-8' encoding to copy filtered resources.
2016-07-27 11:09:52,102 [Worker-36] INFO  o.e.m.c.i.embedder.EclipseLogger - skip non existing resourceDirectory /Users/cokelly/Google_Drive/1._UCD_conversion_masters/1.Research_Project/whothere/server/Csi42001Vm1ServerFiles/src/test/resources
2016-07-27 11:39:45,421 [Worker-52] INFO  o.e.m.c.i.embedder.EclipseLogger - Using 'UTF-8' encoding to copy filtered resources.
2016-07-27 11:39:45,422 [Worker-52] INFO  o.e.m.c.i.embedder.EclipseLogger - Copying 0 resource
2016-07-27 11:39:45,422 [Worker-52] INFO  o.e.m.c.i.embedder.EclipseLogger - Copying 0 resource
2016-07-27 11:39:45,427 [Worker-52] INFO  o.e.m.c.i.embedder.EclipseLogger - Using 'UTF-8' encoding to copy filtered resources.
2016-07-27 11:39:45,428 [Worker-52] INFO  o.e.m.c.i.embedder.EclipseLogger - skip non existing resourceDirectory /Users/cokelly/Google_Drive/1._UCD_conversion_masters/1.Research_Project/whothere/server/Csi42001Vm1ServerFiles/src/test/resources
2016-07-27 11:40:07,187 [Worker-44] INFO  o.e.m.c.i.embedder.EclipseLogger - Using 'UTF-8' encoding to copy filtered resources.
2016-07-27 11:40:07,326 [Worker-44] INFO  o.e.m.c.i.embedder.EclipseLogger - Copying 0 resource
2016-07-27 11:40:07,417 [Worker-44] INFO  o.e.m.c.i.embedder.EclipseLogger - Copying 1091 resources
2016-07-27 11:40:07,668 [Worker-44] INFO  o.e.m.c.i.embedder.EclipseLogger - Using 'UTF-8' encoding to copy filtered resources.
2016-07-27 11:40:07,669 [Worker-44] INFO  o.e.m.c.i.embedder.EclipseLogger - skip non existing resourceDirectory /Users/cokelly/Google_Drive/1._UCD_conversion_masters/1.Research_Project/whothere/server/Csi42001Vm1ServerFiles/src/test/resources
2016-07-27 11:43:16,351 [Worker-58] INFO  o.e.m.c.i.embedder.EclipseLogger - Using 'UTF-8' encoding to copy filtered resources.
2016-07-27 11:43:16,441 [Worker-58] INFO  o.e.m.c.i.embedder.EclipseLogger - Copying 0 resource
2016-07-27 11:43:16,538 [Worker-58] INFO  o.e.m.c.i.embedder.EclipseLogger - Copying 1091 resources
2016-07-27 11:43:16,620 [Worker-58] INFO  o.e.m.c.i.embedder.EclipseLogger - Using 'UTF-8' encoding to copy filtered resources.
2016-07-27 11:43:16,621 [Worker-58] INFO  o.e.m.c.i.embedder.EclipseLogger - skip non existing resourceDirectory /Users/cokelly/Google_Drive/1._UCD_conversion_masters/1.Research_Project/whothere/server/Csi42001Vm1ServerFiles/src/test/resources
